#
# There is insufficient memory for the Java Runtime Environment to continue.
# Native memory allocation (mmap) failed to map 65536 bytes for Failed to commit metaspace.
# Possible reasons:
#   The system is out of physical RAM or swap space
#   The process is running with CompressedOops enabled, and the Java Heap may be blocking the growth of the native heap
# Possible solutions:
#   Reduce memory load on the system
#   Increase physical memory or swap space
#   Check if swap backing store is full
#   Decrease Java heap size (-Xmx/-Xms)
#   Decrease number of Java threads
#   Decrease Java thread stack sizes (-Xss)
#   Set larger code cache with -XX:ReservedCodeCacheSize=
#   JVM is running with Zero Based Compressed Oops mode in which the Java heap is
#     placed in the first 32GB address space. The Java Heap base address is the
#     maximum limit for the native heap growth. Please use -XX:HeapBaseMinAddress
#     to set the Java Heap base and to place the Java Heap above 32GB virtual address.
# This output file may be truncated or incomplete.
#
#  Out of Memory Error (virtualSpaceNode.cpp:110), pid=20156, tid=17560
#
# JRE version: OpenJDK Runtime Environment Temurin-17.0.4.1+1 (17.0.4.1+1) (build 17.0.4.1+1)
# Java VM: OpenJDK 64-Bit Server VM Temurin-17.0.4.1+1 (17.0.4.1+1, mixed mode, emulated-client, sharing, tiered, compressed oops, compressed class ptrs, g1 gc, windows-amd64)
# No core dump will be written. Minidumps are not enabled by default on client versions of Windows
#

---------------  S U M M A R Y ------------

Command Line: -agentlib:jdwp=transport=dt_socket,address=127.0.0.1:50150,suspend=y,server=n -XX:TieredStopAtLevel=1 -Dspring.output.ansi.enabled=always -Dcom.sun.management.jmxremote -Dspring.jmx.enabled=true -Dspring.liveBeansView.mbeanDomain -Dspring.application.admin.enabled=true -javaagent:C:\Users\tianlei\AppData\Local\JetBrains\IntelliJIdea2022.2\captureAgent\debugger-agent.jar -Dfile.encoding=UTF-8 com.xuecheng.ContentApplication

Host: Intel(R) Core(TM) i7-8700K CPU @ 3.70GHz, 12 cores, 15G,  Windows 10 , 64 bit Build 19041 (10.0.19041.3031)
Time: Tue Jun 27 20:15:44 2023  Windows 10 , 64 bit Build 19041 (10.0.19041.3031) elapsed time: 4.868681 seconds (0d 0h 0m 4s)

---------------  T H R E A D  ---------------

Current thread (0x0000017556e01500):  JavaThread "main" [_thread_in_vm, id=17560, stack(0x0000003f71b00000,0x0000003f71c00000)]

Stack: [0x0000003f71b00000,0x0000003f71c00000]
Native frames: (J=compiled Java code, j=interpreted, Vv=VM code, C=native code)
V  [jvm.dll+0x67731a]
V  [jvm.dll+0x832284]
V  [jvm.dll+0x833a2e]
V  [jvm.dll+0x834093]
V  [jvm.dll+0x245775]
V  [jvm.dll+0x82e22b]
V  [jvm.dll+0x61bdf6]
V  [jvm.dll+0x1c07be]
V  [jvm.dll+0x61e741]
V  [jvm.dll+0x61c796]
V  [jvm.dll+0x1e86f7]
V  [jvm.dll+0x1eb503]
V  [jvm.dll+0x1e09f1]
V  [jvm.dll+0x53c910]
V  [jvm.dll+0x7ad138]
V  [jvm.dll+0x7ad224]
V  [jvm.dll+0x40ccd5]
V  [jvm.dll+0x412ec8]
C  [java.dll+0x17ec]

Java frames: (J=compiled Java code, j=interpreted, Vv=VM code)
J 1100  java.lang.ClassLoader.defineClass1(Ljava/lang/ClassLoader;Ljava/lang/String;[BIILjava/security/ProtectionDomain;Ljava/lang/String;)Ljava/lang/Class; java.base@17.0.4.1 (0 bytes) @ 0x000001755ed470e3 [0x000001755ed47020+0x00000000000000c3]
J 1127 c1 java.lang.ClassLoader.defineClass(Ljava/lang/String;[BIILjava/security/ProtectionDomain;)Ljava/lang/Class; java.base@17.0.4.1 (43 bytes) @ 0x000001755ed5aba4 [0x000001755ed5aa60+0x0000000000000144]
J 1105 c1 jdk.internal.loader.BuiltinClassLoader.defineClass(Ljava/lang/String;Ljdk/internal/loader/Resource;)Ljava/lang/Class; java.base@17.0.4.1 (121 bytes) @ 0x000001755ed5042c [0x000001755ed4ff20+0x000000000000050c]
J 1089 c1 jdk.internal.loader.BuiltinClassLoader.findClassOnClassPathOrNull(Ljava/lang/String;)Ljava/lang/Class; java.base@17.0.4.1 (64 bytes) @ 0x000001755ed4569c [0x000001755ed453a0+0x00000000000002fc]
J 966 c1 jdk.internal.loader.BuiltinClassLoader.loadClassOrNull(Ljava/lang/String;Z)Ljava/lang/Class; java.base@17.0.4.1 (143 bytes) @ 0x000001755ed110dc [0x000001755ed10c00+0x00000000000004dc]
J 1014 c1 jdk.internal.loader.ClassLoaders$AppClassLoader.loadClass(Ljava/lang/String;Z)Ljava/lang/Class; java.base@17.0.4.1 (40 bytes) @ 0x000001755ed22ebc [0x000001755ed22d80+0x000000000000013c]
J 1013 c1 java.lang.ClassLoader.loadClass(Ljava/lang/String;)Ljava/lang/Class; java.base@17.0.4.1 (7 bytes) @ 0x000001755ed211fc [0x000001755ed211a0+0x000000000000005c]
v  ~StubRoutines::call_stub
j  org.apache.catalina.core.AprLifecycleListener.init()V+30
j  org.apache.catalina.core.AprLifecycleListener.isAprAvailable()Z+12
j  org.springframework.boot.web.embedded.tomcat.TomcatServletWebServerFactory.getDefaultLifecycleListeners()Ljava/util/List;+8
j  org.springframework.boot.web.embedded.tomcat.TomcatServletWebServerFactory.<init>()V+27
j  org.springframework.boot.autoconfigure.web.servlet.ServletWebServerFactoryConfiguration$EmbeddedTomcat.tomcatServletWebServerFactory(Lorg/springframework/beans/factory/ObjectProvider;Lorg/springframework/beans/factory/ObjectProvider;Lorg/springframework/beans/factory/ObjectProvider;)Lorg/springframework/boot/web/embedded/tomcat/TomcatServletWebServerFactory;+4
v  ~StubRoutines::call_stub
J 2593  jdk.internal.reflect.NativeMethodAccessorImpl.invoke0(Ljava/lang/reflect/Method;Ljava/lang/Object;[Ljava/lang/Object;)Ljava/lang/Object; java.base@17.0.4.1 (0 bytes) @ 0x000001755efac227 [0x000001755efac1a0+0x0000000000000087]
J 2592 c1 jdk.internal.reflect.NativeMethodAccessorImpl.invoke(Ljava/lang/Object;[Ljava/lang/Object;)Ljava/lang/Object; java.base@17.0.4.1 (137 bytes) @ 0x000001755efad7b4 [0x000001755efad480+0x0000000000000334]
J 2591 c1 jdk.internal.reflect.DelegatingMethodAccessorImpl.invoke(Ljava/lang/Object;[Ljava/lang/Object;)Ljava/lang/Object; java.base@17.0.4.1 (10 bytes) @ 0x000001755efac704 [0x000001755efac6a0+0x0000000000000064]
J 2599 c1 java.lang.reflect.Method.invoke(Ljava/lang/Object;[Ljava/lang/Object;)Ljava/lang/Object; java.base@17.0.4.1 (65 bytes) @ 0x000001755efaf30c [0x000001755efaf1e0+0x000000000000012c]
j  org.springframework.beans.factory.support.SimpleInstantiationStrategy.instantiate(Lorg/springframework/beans/factory/support/RootBeanDefinition;Ljava/lang/String;Lorg/springframework/beans/factory/BeanFactory;Ljava/lang/Object;Ljava/lang/reflect/Method;[Ljava/lang/Object;)Ljava/lang/Object;+50
j  org.springframework.beans.factory.support.ConstructorResolver.instantiate(Ljava/lang/String;Lorg/springframework/beans/factory/support/RootBeanDefinition;Ljava/lang/Object;Ljava/lang/reflect/Method;[Ljava/lang/Object;)Ljava/lang/Object;+48
j  org.springframework.beans.factory.support.ConstructorResolver.instantiateUsingFactoryMethod(Ljava/lang/String;Lorg/springframework/beans/factory/support/RootBeanDefinition;[Ljava/lang/Object;)Lorg/springframework/beans/BeanWrapper;+1528
j  org.springframework.beans.factory.support.AbstractAutowireCapableBeanFactory.instantiateUsingFactoryMethod(Ljava/lang/String;Lorg/springframework/beans/factory/support/RootBeanDefinition;[Ljava/lang/Object;)Lorg/springframework/beans/BeanWrapper;+11
j  org.springframework.beans.factory.support.AbstractAutowireCapableBeanFactory.createBeanInstance(Ljava/lang/String;Lorg/springframework/beans/factory/support/RootBeanDefinition;[Ljava/lang/Object;)Lorg/springframework/beans/BeanWrapper;+101
j  org.springframework.beans.factory.support.AbstractAutowireCapableBeanFactory.doCreateBean(Ljava/lang/String;Lorg/springframework/beans/factory/support/RootBeanDefinition;[Ljava/lang/Object;)Ljava/lang/Object;+34
j  org.springframework.beans.factory.support.AbstractAutowireCapableBeanFactory.createBean(Ljava/lang/String;Lorg/springframework/beans/factory/support/RootBeanDefinition;[Ljava/lang/Object;)Ljava/lang/Object;+169
j  org.springframework.beans.factory.support.AbstractBeanFactory.lambda$doGetBean$0(Ljava/lang/String;Lorg/springframework/beans/factory/support/RootBeanDefinition;[Ljava/lang/Object;)Ljava/lang/Object;+4
j  org.springframework.beans.factory.support.AbstractBeanFactory$$Lambda$283+0x0000000800e82720.getObject()Ljava/lang/Object;+16
j  org.springframework.beans.factory.support.DefaultSingletonBeanRegistry.getSingleton(Ljava/lang/String;Lorg/springframework/beans/factory/ObjectFactory;)Ljava/lang/Object;+132
J 3736 c1 org.springframework.beans.factory.support.AbstractBeanFactory.doGetBean(Ljava/lang/String;Ljava/lang/Class;[Ljava/lang/Object;Z)Ljava/lang/Object; (874 bytes) @ 0x000001755f193b34 [0x000001755f1935e0+0x0000000000000554]
J 3753 c1 org.springframework.beans.factory.support.AbstractBeanFactory.getBean(Ljava/lang/String;Ljava/lang/Class;)Ljava/lang/Object; (9 bytes) @ 0x000001755f19ee84 [0x000001755f19ee20+0x0000000000000064]
j  org.springframework.boot.web.servlet.context.ServletWebServerApplicationContext.getWebServerFactory()Lorg/springframework/boot/web/servlet/server/ServletWebServerFactory;+72
j  org.springframework.boot.web.servlet.context.ServletWebServerApplicationContext.createWebServer()V+19
j  org.springframework.boot.web.servlet.context.ServletWebServerApplicationContext.onRefresh()V+5
j  org.springframework.context.support.AbstractApplicationContext.refresh()V+45
j  org.springframework.boot.web.servlet.context.ServletWebServerApplicationContext.refresh()V+1
j  org.springframework.boot.SpringApplication.refresh(Lorg/springframework/context/ConfigurableApplicationContext;)V+1
j  org.springframework.boot.SpringApplication.refresh(Lorg/springframework/context/ApplicationContext;)V+11
j  org.springframework.boot.SpringApplication.refreshContext(Lorg/springframework/context/ConfigurableApplicationContext;)V+19
j  org.springframework.boot.SpringApplication.run([Ljava/lang/String;)Lorg/springframework/context/ConfigurableApplicationContext;+118
j  org.springframework.boot.SpringApplication.run([Ljava/lang/Class;[Ljava/lang/String;)Lorg/springframework/context/ConfigurableApplicationContext;+9
j  org.springframework.boot.SpringApplication.run(Ljava/lang/Class;[Ljava/lang/String;)Lorg/springframework/context/ConfigurableApplicationContext;+9
j  com.xuecheng.ContentApplication.main([Ljava/lang/String;)V+3
v  ~StubRoutines::call_stub

---------------  P R O C E S S  ---------------

Threads class SMR info:
_java_thread_list=0x0000017571e4bbf0, length=22, elements={
0x0000017556e01500, 0x000001756df9bd40, 0x000001756df9cbb0, 0x000001756dfb78f0,
0x000001756dfb94b0, 0x000001756dfc3f90, 0x000001756dfc4940, 0x000001756dfc52f0,
0x000001756dfc91e0, 0x000001756da35220, 0x000001756e0b1aa0, 0x000001756e0b9fa0,
0x000001756e0bc700, 0x000001756e0f9bb0, 0x000001756e115880, 0x000001756e115f60,
0x000001756e14e1e0, 0x000001756ef620c0, 0x000001756f3808c0, 0x000001756f3f7a40,
0x000001756f23bb50, 0x000001756f23c020
}

Java Threads: ( => current thread )
=>0x0000017556e01500 JavaThread "main" [_thread_in_vm, id=17560, stack(0x0000003f71b00000,0x0000003f71c00000)]
  0x000001756df9bd40 JavaThread "Reference Handler" daemon [_thread_blocked, id=512, stack(0x0000003f72200000,0x0000003f72300000)]
  0x000001756df9cbb0 JavaThread "Finalizer" daemon [_thread_blocked, id=22452, stack(0x0000003f72300000,0x0000003f72400000)]
  0x000001756dfb78f0 JavaThread "Signal Dispatcher" daemon [_thread_blocked, id=17104, stack(0x0000003f72400000,0x0000003f72500000)]
  0x000001756dfb94b0 JavaThread "Attach Listener" daemon [_thread_blocked, id=9224, stack(0x0000003f72500000,0x0000003f72600000)]
  0x000001756dfc3f90 JavaThread "Service Thread" daemon [_thread_blocked, id=23312, stack(0x0000003f72600000,0x0000003f72700000)]
  0x000001756dfc4940 JavaThread "Monitor Deflation Thread" daemon [_thread_blocked, id=14184, stack(0x0000003f72700000,0x0000003f72800000)]
  0x000001756dfc52f0 JavaThread "C1 CompilerThread0" daemon [_thread_blocked, id=11692, stack(0x0000003f72800000,0x0000003f72900000)]
  0x000001756dfc91e0 JavaThread "Sweeper thread" daemon [_thread_blocked, id=19552, stack(0x0000003f72900000,0x0000003f72a00000)]
  0x000001756da35220 JavaThread "Common-Cleaner" daemon [_thread_blocked, id=21660, stack(0x0000003f72a00000,0x0000003f72b00000)]
  0x000001756e0b1aa0 JavaThread "C1 CompilerThread1" daemon [_thread_blocked, id=23132, stack(0x0000003f72b00000,0x0000003f72c00000)]
  0x000001756e0b9fa0 JavaThread "C1 CompilerThread2" daemon [_thread_blocked, id=3952, stack(0x0000003f72c00000,0x0000003f72d00000)]
  0x000001756e0bc700 JavaThread "C1 CompilerThread3" daemon [_thread_blocked, id=16792, stack(0x0000003f72d00000,0x0000003f72e00000)]
  0x000001756e0f9bb0 JavaThread "JDWP Transport Listener: dt_socket" daemon [_thread_blocked, id=23000, stack(0x0000003f72e00000,0x0000003f72f00000)]
  0x000001756e115880 JavaThread "JDWP Event Helper Thread" daemon [_thread_blocked, id=19044, stack(0x0000003f72f00000,0x0000003f73000000)]
  0x000001756e115f60 JavaThread "JDWP Command Reader" daemon [_thread_in_native, id=16732, stack(0x0000003f73000000,0x0000003f73100000)]
  0x000001756e14e1e0 JavaThread "Notification Thread" daemon [_thread_blocked, id=19488, stack(0x0000003f73100000,0x0000003f73200000)]
  0x000001756ef620c0 JavaThread "RMI TCP Accept-0" daemon [_thread_in_native, id=19256, stack(0x0000003f73200000,0x0000003f73300000)]
  0x000001756f3808c0 JavaThread "RMI TCP Connection(1)-192.168.101.1" daemon [_thread_in_native, id=22140, stack(0x0000003f73d00000,0x0000003f73e00000)]
  0x000001756f3f7a40 JavaThread "RMI Scheduler(0)" daemon [_thread_blocked, id=14052, stack(0x0000003f73e00000,0x0000003f73f00000)]
  0x000001756f23bb50 JavaThread "Log4j2-TF-6-Scheduled-2" daemon [_thread_blocked, id=3272, stack(0x0000003f74100000,0x0000003f74200000)]
  0x000001756f23c020 JavaThread "AsyncAppender-AsyncAppender" daemon [_thread_blocked, id=23216, stack(0x0000003f74400000,0x0000003f74500000)]

Other Threads:
  0x000001756df97140 VMThread "VM Thread" [stack: 0x0000003f72100000,0x0000003f72200000] [id=7080]
  0x0000017556e024b0 WatcherThread [stack: 0x0000003f73300000,0x0000003f73400000] [id=12728]
  0x0000017556e6ff10 GCTaskThread "GC Thread#0" [stack: 0x0000003f71c00000,0x0000003f71d00000] [id=18240]
  0x000001756f055ef0 GCTaskThread "GC Thread#1" [stack: 0x0000003f73400000,0x0000003f73500000] [id=23364]
  0x000001756f236dd0 GCTaskThread "GC Thread#2" [stack: 0x0000003f73500000,0x0000003f73600000] [id=14124]
  0x000001756f237080 GCTaskThread "GC Thread#3" [stack: 0x0000003f73600000,0x0000003f73700000] [id=19504]
  0x000001756f237330 GCTaskThread "GC Thread#4" [stack: 0x0000003f73700000,0x0000003f73800000] [id=22748]
  0x000001756f23eca0 GCTaskThread "GC Thread#5" [stack: 0x0000003f73800000,0x0000003f73900000] [id=21056]
  0x000001756f2873e0 GCTaskThread "GC Thread#6" [stack: 0x0000003f73900000,0x0000003f73a00000] [id=19068]
  0x000001756f287690 GCTaskThread "GC Thread#7" [stack: 0x0000003f73a00000,0x0000003f73b00000] [id=10880]
  0x000001756f287940 GCTaskThread "GC Thread#8" [stack: 0x0000003f73b00000,0x0000003f73c00000] [id=2452]
  0x000001756f288000 GCTaskThread "GC Thread#9" [stack: 0x0000003f73c00000,0x0000003f73d00000] [id=2184]
  0x0000017556e81360 ConcurrentGCThread "G1 Main Marker" [stack: 0x0000003f71d00000,0x0000003f71e00000] [id=13992]
  0x0000017556e82d20 ConcurrentGCThread "G1 Conc#0" [stack: 0x0000003f71e00000,0x0000003f71f00000] [id=7312]
  0x000001756fe2d5e0 ConcurrentGCThread "G1 Conc#1" [stack: 0x0000003f74200000,0x0000003f74300000] [id=7180]
  0x000001756fe29290 ConcurrentGCThread "G1 Conc#2" [stack: 0x0000003f74300000,0x0000003f74400000] [id=16608]
  0x0000017556ec53f0 ConcurrentGCThread "G1 Refine#0" [stack: 0x0000003f71f00000,0x0000003f72000000] [id=7580]
  0x0000017556ec5e10 ConcurrentGCThread "G1 Service" [stack: 0x0000003f72000000,0x0000003f72100000] [id=1532]

Threads with active compile tasks:

VM state: not at safepoint (normal execution)

VM Mutex/Monitor currently owned by a thread:  ([mutex/lock_event])
[0x0000017556dfc170] Metaspace_lock - owner thread: 0x0000017556e01500

Heap address: 0x0000000703000000, size: 4048 MB, Compressed Oops mode: Zero based, Oop shift amount: 3

CDS archive(s) mapped at: [0x0000000800000000-0x0000000800bc0000-0x0000000800bc0000), size 12320768, SharedBaseAddress: 0x0000000800000000, ArchiveRelocationMode: 0.
Compressed class space mapped at: 0x0000000800c00000-0x0000000840c00000, reserved size: 1073741824
Narrow klass base: 0x0000000800000000, Narrow klass shift: 0, Narrow klass range: 0x100000000

GC Precious Log:
 CPUs: 12 total, 12 available
 Memory: 16187M
 Large Page Support: Disabled
 NUMA Support: Disabled
 Compressed Oops: Enabled (Zero based)
 Heap Region Size: 2M
 Heap Min Capacity: 8M
 Heap Initial Capacity: 254M
 Heap Max Capacity: 4048M
 Pre-touch: Disabled
 Parallel Workers: 10
 Concurrent Workers: 3
 Concurrent Refinement Workers: 10
 Periodic GC: Disabled

Heap:
 garbage-first heap   total 155648K, used 72448K [0x0000000703000000, 0x0000000800000000)
  region size 2048K, 32 young (65536K), 2 survivors (4096K)
 Metaspace       used 29212K, committed 29568K, reserved 1081344K
  class space    used 4012K, committed 4224K, reserved 1048576K

Heap Regions: E=young(eden), S=young(survivor), O=old, HS=humongous(starts), HC=humongous(continues), CS=collection set, F=free, OA=open archive, CA=closed archive, TAMS=top-at-mark-start (previous, next)
|   0|0x0000000703000000, 0x0000000703200000, 0x0000000703200000|100%| O|  |TAMS 0x0000000703200000, 0x0000000703000000| Untracked 
|   1|0x0000000703200000, 0x0000000703400000, 0x0000000703400000|100%| O|  |TAMS 0x0000000703400000, 0x0000000703200000| Untracked 
|   2|0x0000000703400000, 0x0000000703400000, 0x0000000703600000|  0%| F|  |TAMS 0x0000000703400000, 0x0000000703400000| Untracked 
|   3|0x0000000703600000, 0x0000000703800000, 0x0000000703800000|100%| O|  |TAMS 0x0000000703600000, 0x0000000703600000| Untracked 
|   4|0x0000000703800000, 0x0000000703a00000, 0x0000000703a00000|100%| O|  |TAMS 0x0000000703800000, 0x0000000703800000| Untracked 
|   5|0x0000000703a00000, 0x0000000703c00000, 0x0000000703c00000|100%| O|  |TAMS 0x0000000703a00000, 0x0000000703a00000| Untracked 
|   6|0x0000000703c00000, 0x0000000703c8d000, 0x0000000703e00000| 27%| O|  |TAMS 0x0000000703c00000, 0x0000000703c00000| Untracked 
|   7|0x0000000703e00000, 0x0000000703e00000, 0x0000000704000000|  0%| F|  |TAMS 0x0000000703e00000, 0x0000000703e00000| Untracked 
|   8|0x0000000704000000, 0x0000000704000000, 0x0000000704200000|  0%| F|  |TAMS 0x0000000704000000, 0x0000000704000000| Untracked 
|   9|0x0000000704200000, 0x0000000704200000, 0x0000000704400000|  0%| F|  |TAMS 0x0000000704200000, 0x0000000704200000| Untracked 
|  10|0x0000000704400000, 0x0000000704400000, 0x0000000704600000|  0%| F|  |TAMS 0x0000000704400000, 0x0000000704400000| Untracked 
|  11|0x0000000704600000, 0x0000000704600000, 0x0000000704800000|  0%| F|  |TAMS 0x0000000704600000, 0x0000000704600000| Untracked 
|  12|0x0000000704800000, 0x00000007048330f0, 0x0000000704a00000|  9%| S|CS|TAMS 0x0000000704800000, 0x0000000704800000| Complete 
|  13|0x0000000704a00000, 0x0000000704c00000, 0x0000000704c00000|100%| S|CS|TAMS 0x0000000704a00000, 0x0000000704a00000| Complete 
|  14|0x0000000704c00000, 0x0000000704c00000, 0x0000000704e00000|  0%| F|  |TAMS 0x0000000704c00000, 0x0000000704c00000| Untracked 
|  15|0x0000000704e00000, 0x0000000704e00000, 0x0000000705000000|  0%| F|  |TAMS 0x0000000704e00000, 0x0000000704e00000| Untracked 
|  16|0x0000000705000000, 0x0000000705000000, 0x0000000705200000|  0%| F|  |TAMS 0x0000000705000000, 0x0000000705000000| Untracked 
|  17|0x0000000705200000, 0x0000000705200000, 0x0000000705400000|  0%| F|  |TAMS 0x0000000705200000, 0x0000000705200000| Untracked 
|  18|0x0000000705400000, 0x0000000705400000, 0x0000000705600000|  0%| F|  |TAMS 0x0000000705400000, 0x0000000705400000| Untracked 
|  19|0x0000000705600000, 0x0000000705600000, 0x0000000705800000|  0%| F|  |TAMS 0x0000000705600000, 0x0000000705600000| Untracked 
|  20|0x0000000705800000, 0x0000000705800000, 0x0000000705a00000|  0%| F|  |TAMS 0x0000000705800000, 0x0000000705800000| Untracked 
|  21|0x0000000705a00000, 0x0000000705a00000, 0x0000000705c00000|  0%| F|  |TAMS 0x0000000705a00000, 0x0000000705a00000| Untracked 
|  22|0x0000000705c00000, 0x0000000705c00000, 0x0000000705e00000|  0%| F|  |TAMS 0x0000000705c00000, 0x0000000705c00000| Untracked 
|  23|0x0000000705e00000, 0x0000000705e00000, 0x0000000706000000|  0%| F|  |TAMS 0x0000000705e00000, 0x0000000705e00000| Untracked 
|  24|0x0000000706000000, 0x0000000706000000, 0x0000000706200000|  0%| F|  |TAMS 0x0000000706000000, 0x0000000706000000| Untracked 
|  25|0x0000000706200000, 0x0000000706200000, 0x0000000706400000|  0%| F|  |TAMS 0x0000000706200000, 0x0000000706200000| Untracked 
|  26|0x0000000706400000, 0x0000000706400000, 0x0000000706600000|  0%| F|  |TAMS 0x0000000706400000, 0x0000000706400000| Untracked 
|  27|0x0000000706600000, 0x0000000706600000, 0x0000000706800000|  0%| F|  |TAMS 0x0000000706600000, 0x0000000706600000| Untracked 
|  28|0x0000000706800000, 0x0000000706800000, 0x0000000706a00000|  0%| F|  |TAMS 0x0000000706800000, 0x0000000706800000| Untracked 
|  29|0x0000000706a00000, 0x0000000706a00000, 0x0000000706c00000|  0%| F|  |TAMS 0x0000000706a00000, 0x0000000706a00000| Untracked 
|  30|0x0000000706c00000, 0x0000000706c00000, 0x0000000706e00000|  0%| F|  |TAMS 0x0000000706c00000, 0x0000000706c00000| Untracked 
|  31|0x0000000706e00000, 0x0000000706e00000, 0x0000000707000000|  0%| F|  |TAMS 0x0000000706e00000, 0x0000000706e00000| Untracked 
|  32|0x0000000707000000, 0x0000000707000000, 0x0000000707200000|  0%| F|  |TAMS 0x0000000707000000, 0x0000000707000000| Untracked 
|  33|0x0000000707200000, 0x0000000707200000, 0x0000000707400000|  0%| F|  |TAMS 0x0000000707200000, 0x0000000707200000| Untracked 
|  34|0x0000000707400000, 0x0000000707400000, 0x0000000707600000|  0%| F|  |TAMS 0x0000000707400000, 0x0000000707400000| Untracked 
|  35|0x0000000707600000, 0x0000000707600000, 0x0000000707800000|  0%| F|  |TAMS 0x0000000707600000, 0x0000000707600000| Untracked 
|  36|0x0000000707800000, 0x0000000707800000, 0x0000000707a00000|  0%| F|  |TAMS 0x0000000707800000, 0x0000000707800000| Untracked 
|  37|0x0000000707a00000, 0x0000000707a00000, 0x0000000707c00000|  0%| F|  |TAMS 0x0000000707a00000, 0x0000000707a00000| Untracked 
|  38|0x0000000707c00000, 0x0000000707c00000, 0x0000000707e00000|  0%| F|  |TAMS 0x0000000707c00000, 0x0000000707c00000| Untracked 
|  39|0x0000000707e00000, 0x0000000707e00000, 0x0000000708000000|  0%| F|  |TAMS 0x0000000707e00000, 0x0000000707e00000| Untracked 
|  40|0x0000000708000000, 0x0000000708000000, 0x0000000708200000|  0%| F|  |TAMS 0x0000000708000000, 0x0000000708000000| Untracked 
|  41|0x0000000708200000, 0x0000000708200000, 0x0000000708400000|  0%| F|  |TAMS 0x0000000708200000, 0x0000000708200000| Untracked 
|  42|0x0000000708400000, 0x0000000708400000, 0x0000000708600000|  0%| F|  |TAMS 0x0000000708400000, 0x0000000708400000| Untracked 
|  43|0x0000000708600000, 0x0000000708600000, 0x0000000708800000|  0%| F|  |TAMS 0x0000000708600000, 0x0000000708600000| Untracked 
|  44|0x0000000708800000, 0x0000000708800000, 0x0000000708a00000|  0%| F|  |TAMS 0x0000000708800000, 0x0000000708800000| Untracked 
|  45|0x0000000708a00000, 0x0000000708a00000, 0x0000000708c00000|  0%| F|  |TAMS 0x0000000708a00000, 0x0000000708a00000| Untracked 
|  46|0x0000000708c00000, 0x0000000708d40278, 0x0000000708e00000| 62%| E|  |TAMS 0x0000000708c00000, 0x0000000708c00000| Complete 
|  47|0x0000000708e00000, 0x0000000709000000, 0x0000000709000000|100%| E|CS|TAMS 0x0000000708e00000, 0x0000000708e00000| Complete 
|  48|0x0000000709000000, 0x0000000709200000, 0x0000000709200000|100%| E|CS|TAMS 0x0000000709000000, 0x0000000709000000| Complete 
|  49|0x0000000709200000, 0x0000000709400000, 0x0000000709400000|100%| E|CS|TAMS 0x0000000709200000, 0x0000000709200000| Complete 
|  50|0x0000000709400000, 0x0000000709600000, 0x0000000709600000|100%| E|CS|TAMS 0x0000000709400000, 0x0000000709400000| Complete 
|  51|0x0000000709600000, 0x0000000709800000, 0x0000000709800000|100%| E|CS|TAMS 0x0000000709600000, 0x0000000709600000| Complete 
|  52|0x0000000709800000, 0x0000000709a00000, 0x0000000709a00000|100%| E|CS|TAMS 0x0000000709800000, 0x0000000709800000| Complete 
|  53|0x0000000709a00000, 0x0000000709c00000, 0x0000000709c00000|100%| E|CS|TAMS 0x0000000709a00000, 0x0000000709a00000| Complete 
|  54|0x0000000709c00000, 0x0000000709e00000, 0x0000000709e00000|100%| E|CS|TAMS 0x0000000709c00000, 0x0000000709c00000| Complete 
|  55|0x0000000709e00000, 0x000000070a000000, 0x000000070a000000|100%| E|CS|TAMS 0x0000000709e00000, 0x0000000709e00000| Complete 
|  56|0x000000070a000000, 0x000000070a200000, 0x000000070a200000|100%| E|CS|TAMS 0x000000070a000000, 0x000000070a000000| Complete 
|  57|0x000000070a200000, 0x000000070a400000, 0x000000070a400000|100%| E|CS|TAMS 0x000000070a200000, 0x000000070a200000| Complete 
|  58|0x000000070a400000, 0x000000070a600000, 0x000000070a600000|100%| E|CS|TAMS 0x000000070a400000, 0x000000070a400000| Complete 
|  59|0x000000070a600000, 0x000000070a800000, 0x000000070a800000|100%| E|CS|TAMS 0x000000070a600000, 0x000000070a600000| Complete 
|  60|0x000000070a800000, 0x000000070aa00000, 0x000000070aa00000|100%| E|CS|TAMS 0x000000070a800000, 0x000000070a800000| Complete 
|  61|0x000000070aa00000, 0x000000070ac00000, 0x000000070ac00000|100%| E|CS|TAMS 0x000000070aa00000, 0x000000070aa00000| Complete 
|  62|0x000000070ac00000, 0x000000070ae00000, 0x000000070ae00000|100%| E|CS|TAMS 0x000000070ac00000, 0x000000070ac00000| Complete 
|  63|0x000000070ae00000, 0x000000070b000000, 0x000000070b000000|100%| E|CS|TAMS 0x000000070ae00000, 0x000000070ae00000| Complete 
|  64|0x000000070b000000, 0x000000070b200000, 0x000000070b200000|100%| E|CS|TAMS 0x000000070b000000, 0x000000070b000000| Complete 
|  65|0x000000070b200000, 0x000000070b400000, 0x000000070b400000|100%| E|CS|TAMS 0x000000070b200000, 0x000000070b200000| Complete 
|  66|0x000000070b400000, 0x000000070b600000, 0x000000070b600000|100%| E|CS|TAMS 0x000000070b400000, 0x000000070b400000| Complete 
|  67|0x000000070b600000, 0x000000070b800000, 0x000000070b800000|100%| E|CS|TAMS 0x000000070b600000, 0x000000070b600000| Complete 
|  68|0x000000070b800000, 0x000000070ba00000, 0x000000070ba00000|100%| E|CS|TAMS 0x000000070b800000, 0x000000070b800000| Complete 
|  69|0x000000070ba00000, 0x000000070bc00000, 0x000000070bc00000|100%| E|CS|TAMS 0x000000070ba00000, 0x000000070ba00000| Complete 
|  70|0x000000070bc00000, 0x000000070be00000, 0x000000070be00000|100%| E|CS|TAMS 0x000000070bc00000, 0x000000070bc00000| Complete 
|  71|0x000000070be00000, 0x000000070c000000, 0x000000070c000000|100%| E|CS|TAMS 0x000000070be00000, 0x000000070be00000| Complete 
|  89|0x000000070e200000, 0x000000070e400000, 0x000000070e400000|100%| E|CS|TAMS 0x000000070e200000, 0x000000070e200000| Complete 
|  90|0x000000070e400000, 0x000000070e600000, 0x000000070e600000|100%| E|CS|TAMS 0x000000070e400000, 0x000000070e400000| Complete 
|  91|0x000000070e600000, 0x000000070e800000, 0x000000070e800000|100%| E|CS|TAMS 0x000000070e600000, 0x000000070e600000| Complete 
| 126|0x0000000712c00000, 0x0000000712e00000, 0x0000000712e00000|100%| E|CS|TAMS 0x0000000712c00000, 0x0000000712c00000| Complete 

Card table byte_map: [0x0000017562400000,0x0000017562bf0000] _byte_map_base: 0x000001755ebe8000

Marking Bits (Prev, Next): (CMBitMap*) 0x0000017556e70560, (CMBitMap*) 0x0000017556e70520
 Prev Bits: [0x0000017567320000, 0x000001756b260000)
 Next Bits: [0x00000175633e0000, 0x0000017567320000)

Polling page: 0x0000017554aa0000

Metaspace:

Usage:
  Non-class:     24.61 MB used.
      Class:      3.92 MB used.
       Both:     28.53 MB used.

Virtual space:
  Non-class space:       32.00 MB reserved,      24.75 MB ( 77%) committed,  4 nodes.
      Class space:        1.00 GB reserved,       4.12 MB ( <1%) committed,  1 nodes.
             Both:        1.03 GB reserved,      28.88 MB (  3%) committed. 

Chunk freelists:
   Non-Class:  3.05 MB
       Class:  3.73 MB
        Both:  6.78 MB

MaxMetaspaceSize: unlimited
CompressedClassSpaceSize: 1.00 GB
Initial GC threshold: 21.00 MB
Current GC threshold: 35.31 MB
CDS: on
MetaspaceReclaimPolicy: balanced
 - commit_granule_bytes: 65536.
 - commit_granule_words: 8192.
 - virtual_space_node_default_size: 1048576.
 - enlarge_chunks_in_place: 1.
 - new_chunks_are_fully_committed: 0.
 - uncommit_free_chunks: 1.
 - use_allocation_guard: 0.
 - handle_deallocations: 1.


Internal statistics:

num_allocs_failed_limit: 5.
num_arena_births: 436.
num_arena_deaths: 0.
num_vsnodes_births: 5.
num_vsnodes_deaths: 0.
num_space_committed: 462.
num_space_uncommitted: 0.
num_chunks_returned_to_freelist: 5.
num_chunks_taken_from_freelist: 1423.
num_chunk_merges: 5.
num_chunk_splits: 955.
num_chunks_enlarged: 673.
num_purges: 0.
num_inconsistent_stats: 0.

CodeCache: size=49152Kb used=9905Kb max_used=9905Kb free=39246Kb
 bounds [0x000001755e8e0000, 0x000001755f290000, 0x00000175618e0000]
 total_blobs=4798 nmethods=4263 adapters=459
 compilation: enabled
              stopped_count=0, restarted_count=0
 full_count=0

Compilation events (20 events):
Event: 4.829 Thread 0x000001756dfc52f0 4254       1       org.springframework.context.annotation.CommonAnnotationBeanPostProcessor::lambda$buildResourceMetadata$1 (352 bytes)
Event: 4.830 Thread 0x000001756e0bc700 nmethod 4253 0x000001755f284b10 code [0x000001755f284ca0, 0x000001755f284da8]
Event: 4.830 Thread 0x000001756e0bc700 4255       1       org.springframework.beans.factory.annotation.AutowiredAnnotationBeanPostProcessor$$Lambda$350/0x0000000800edf300::doWith (17 bytes)
Event: 4.830 Thread 0x000001756e0b1aa0 4256       1       org.springframework.beans.factory.annotation.AutowiredAnnotationBeanPostProcessor::lambda$buildAutowiringMetadata$2 (176 bytes)
Event: 4.830 Thread 0x000001756e0bc700 nmethod 4255 0x000001755f284e90 code [0x000001755f285020, 0x000001755f285128]
Event: 4.830 Thread 0x000001756e0b9fa0 nmethod 4252 0x000001755f285210 code [0x000001755f285600, 0x000001755f2865f8]
Event: 4.831 Thread 0x000001756dfc52f0 nmethod 4254 0x000001755f287010 code [0x000001755f287320, 0x000001755f287d98]
Event: 4.831 Thread 0x000001756e0b1aa0 nmethod 4256 0x000001755f288490 code [0x000001755f2887c0, 0x000001755f2894a8]
Event: 4.836 Thread 0x000001756e0b1aa0 4257       1       org.springframework.core.annotation.RepeatableContainers$StandardRepeatableContainers::findRepeatedAnnotations (32 bytes)
Event: 4.836 Thread 0x000001756dfc52f0 4258       1       org.springframework.core.annotation.RepeatableContainers$StandardRepeatableContainers::getRepeatedAnnotationsMethod (31 bytes)
Event: 4.836 Thread 0x000001756dfc52f0 nmethod 4258 0x000001755f289b10 code [0x000001755f289cc0, 0x000001755f289e08]
Event: 4.837 Thread 0x000001756e0b1aa0 nmethod 4257 0x000001755f289f10 code [0x000001755f28a140, 0x000001755f28a628]
Event: 4.838 Thread 0x000001756e0bc700 4259       1       java.util.concurrent.atomic.AtomicInteger::getAndAdd (12 bytes)
Event: 4.838 Thread 0x000001756e0bc700 nmethod 4259 0x000001755f28a990 code [0x000001755f28ab20, 0x000001755f28abf8]
Event: 4.839 Thread 0x000001756e0bc700 4260   !   1       jdk.proxy2.$Proxy33::annotationType (29 bytes)
Event: 4.839 Thread 0x000001756e0bc700 nmethod 4260 0x000001755f28ac90 code [0x000001755f28ae60, 0x000001755f28b0b8]
Event: 4.850 Thread 0x000001756e0bc700 4261       1       java.util.Collections$UnmodifiableMap$UnmodifiableEntrySet$UnmodifiableEntry::getValue (10 bytes)
Event: 4.850 Thread 0x000001756e0bc700 nmethod 4261 0x000001755f28b210 code [0x000001755f28b3a0, 0x000001755f28b488]
Event: 4.863 Thread 0x000001756e0b9fa0 4262       1       java.util.ImmutableCollections$ListItr::hasNext (17 bytes)
Event: 4.863 Thread 0x000001756e0b9fa0 nmethod 4262 0x000001755f28b810 code [0x000001755f28b9a0, 0x000001755f28ba78]

GC Heap History (12 events):
Event: 1.057 GC heap before
{Heap before GC invocations=0 (full 0):
 garbage-first heap   total 260096K, used 22528K [0x0000000703000000, 0x0000000800000000)
  region size 2048K, 11 young (22528K), 0 survivors (0K)
 Metaspace       used 5764K, committed 5952K, reserved 1056768K
  class space    used 702K, committed 832K, reserved 1048576K
}
Event: 1.062 GC heap after
{Heap after GC invocations=1 (full 0):
 garbage-first heap   total 260096K, used 5674K [0x0000000703000000, 0x0000000800000000)
  region size 2048K, 2 young (4096K), 2 survivors (4096K)
 Metaspace       used 5764K, committed 5952K, reserved 1056768K
  class space    used 702K, committed 832K, reserved 1048576K
}
Event: 1.547 GC heap before
{Heap before GC invocations=1 (full 0):
 garbage-first heap   total 260096K, used 30250K [0x0000000703000000, 0x0000000800000000)
  region size 2048K, 15 young (30720K), 2 survivors (4096K)
 Metaspace       used 10075K, committed 10304K, reserved 1064960K
  class space    used 1306K, committed 1408K, reserved 1048576K
}
Event: 1.552 GC heap after
{Heap after GC invocations=2 (full 0):
 garbage-first heap   total 260096K, used 7729K [0x0000000703000000, 0x0000000800000000)
  region size 2048K, 2 young (4096K), 2 survivors (4096K)
 Metaspace       used 10075K, committed 10304K, reserved 1064960K
  class space    used 1306K, committed 1408K, reserved 1048576K
}
Event: 2.726 GC heap before
{Heap before GC invocations=2 (full 0):
 garbage-first heap   total 260096K, used 73265K [0x0000000703000000, 0x0000000800000000)
  region size 2048K, 35 young (71680K), 2 survivors (4096K)
 Metaspace       used 21255K, committed 21504K, reserved 1073152K
  class space    used 2868K, committed 3008K, reserved 1048576K
}
Event: 2.733 GC heap after
{Heap after GC invocations=3 (full 0):
 garbage-first heap   total 260096K, used 10900K [0x0000000703000000, 0x0000000800000000)
  region size 2048K, 3 young (6144K), 3 survivors (6144K)
 Metaspace       used 21255K, committed 21504K, reserved 1073152K
  class space    used 2868K, committed 3008K, reserved 1048576K
}
Event: 3.070 GC heap before
{Heap before GC invocations=4 (full 0):
 garbage-first heap   total 49152K, used 33428K [0x0000000703000000, 0x0000000800000000)
  region size 2048K, 14 young (28672K), 3 survivors (6144K)
 Metaspace       used 24134K, committed 24448K, reserved 1073152K
  class space    used 3246K, committed 3392K, reserved 1048576K
}
Event: 3.077 GC heap after
{Heap after GC invocations=5 (full 0):
 garbage-first heap   total 49152K, used 11559K [0x0000000703000000, 0x0000000800000000)
  region size 2048K, 1 young (2048K), 1 survivors (2048K)
 Metaspace       used 24134K, committed 24448K, reserved 1073152K
  class space    used 3246K, committed 3392K, reserved 1048576K
}
Event: 3.140 GC heap before
{Heap before GC invocations=5 (full 0):
 garbage-first heap   total 49152K, used 13607K [0x0000000703000000, 0x0000000800000000)
  region size 2048K, 2 young (4096K), 1 survivors (2048K)
 Metaspace       used 24149K, committed 24448K, reserved 1073152K
  class space    used 3247K, committed 3392K, reserved 1048576K
}
Event: 3.143 GC heap after
{Heap after GC invocations=6 (full 0):
 garbage-first heap   total 49152K, used 11798K [0x0000000703000000, 0x0000000800000000)
  region size 2048K, 1 young (2048K), 1 survivors (2048K)
 Metaspace       used 24149K, committed 24448K, reserved 1073152K
  class space    used 3247K, committed 3392K, reserved 1048576K
}
Event: 3.769 GC heap before
{Heap before GC invocations=6 (full 0):
 garbage-first heap   total 49152K, used 30230K [0x0000000703000000, 0x0000000800000000)
  region size 2048K, 10 young (20480K), 1 survivors (2048K)
 Metaspace       used 24760K, committed 25088K, reserved 1073152K
  class space    used 3366K, committed 3520K, reserved 1048576K
}
Event: 3.777 GC heap after
{Heap after GC invocations=7 (full 0):
 garbage-first heap   total 155648K, used 13056K [0x0000000703000000, 0x0000000800000000)
  region size 2048K, 2 young (4096K), 2 survivors (4096K)
 Metaspace       used 24760K, committed 25088K, reserved 1073152K
  class space    used 3366K, committed 3520K, reserved 1048576K
}

Deoptimization events (20 events):
Event: 4.860 Thread 0x0000017556e01500 DEOPT PACKING pc=0x000001755ed22f64 sp=0x0000003f71bfc9c0
Event: 4.860 Thread 0x0000017556e01500 DEOPT UNPACKING pc=0x000001755e932b43 sp=0x0000003f71bfbe58 mode 1
Event: 4.860 Thread 0x0000017556e01500 DEOPT PACKING pc=0x000001755ed211fc sp=0x0000003f71bfca90
Event: 4.860 Thread 0x0000017556e01500 DEOPT UNPACKING pc=0x000001755e932b43 sp=0x0000003f71bfbf48 mode 1
Event: 4.862 Thread 0x0000017556e01500 DEOPT PACKING pc=0x000001755ed22f64 sp=0x0000003f71bfca80
Event: 4.862 Thread 0x0000017556e01500 DEOPT UNPACKING pc=0x000001755e932b43 sp=0x0000003f71bfbf18 mode 1
Event: 4.862 Thread 0x0000017556e01500 DEOPT PACKING pc=0x000001755ed211fc sp=0x0000003f71bfcb50
Event: 4.862 Thread 0x0000017556e01500 DEOPT UNPACKING pc=0x000001755e932b43 sp=0x0000003f71bfc008 mode 1
Event: 4.863 Thread 0x0000017556e01500 DEOPT PACKING pc=0x000001755ed22f64 sp=0x0000003f71bfcb50
Event: 4.863 Thread 0x0000017556e01500 DEOPT UNPACKING pc=0x000001755e932b43 sp=0x0000003f71bfbfe8 mode 1
Event: 4.863 Thread 0x0000017556e01500 DEOPT PACKING pc=0x000001755ed211fc sp=0x0000003f71bfcc20
Event: 4.863 Thread 0x0000017556e01500 DEOPT UNPACKING pc=0x000001755e932b43 sp=0x0000003f71bfc0d8 mode 1
Event: 4.863 Thread 0x0000017556e01500 DEOPT PACKING pc=0x000001755ed22f64 sp=0x0000003f71bfcc10
Event: 4.863 Thread 0x0000017556e01500 DEOPT UNPACKING pc=0x000001755e932b43 sp=0x0000003f71bfc0a8 mode 1
Event: 4.863 Thread 0x0000017556e01500 DEOPT PACKING pc=0x000001755ed211fc sp=0x0000003f71bfcce0
Event: 4.863 Thread 0x0000017556e01500 DEOPT UNPACKING pc=0x000001755e932b43 sp=0x0000003f71bfc198 mode 1
Event: 4.864 Thread 0x0000017556e01500 DEOPT PACKING pc=0x000001755ed22f64 sp=0x0000003f71bfcce0
Event: 4.864 Thread 0x0000017556e01500 DEOPT UNPACKING pc=0x000001755e932b43 sp=0x0000003f71bfc178 mode 1
Event: 4.864 Thread 0x0000017556e01500 DEOPT PACKING pc=0x000001755ed211fc sp=0x0000003f71bfcdb0
Event: 4.864 Thread 0x0000017556e01500 DEOPT UNPACKING pc=0x000001755e932b43 sp=0x0000003f71bfc268 mode 1

Classes unloaded (0 events):
No events

Classes redefined (0 events):
No events

Internal exceptions (20 events):
Event: 4.791 Thread 0x0000017556e01500 Exception <a 'java/lang/ClassNotFoundException'{0x0000000709112cd0}: java/lang/ObjectCustomizer> (0x0000000709112cd0) 
thrown [s\src\hotspot\share\classfile\systemDictionary.cpp, line 256]
Event: 4.791 Thread 0x0000017556e01500 Exception <a 'java/lang/ClassNotFoundException'{0x000000070911c940}: org/springframework/aop/framework/ProxyConfigCustomizer> (0x000000070911c940) 
thrown [s\src\hotspot\share\classfile\systemDictionary.cpp, line 256]
Event: 4.792 Thread 0x0000017556e01500 Exception <a 'java/lang/ClassNotFoundException'{0x000000070912b4a8}: org/springframework/aop/framework/ProxyProcessorSupportCustomizer> (0x000000070912b4a8) 
thrown [s\src\hotspot\share\classfile\systemDictionary.cpp, line 256]
Event: 4.793 Thread 0x0000017556e01500 Exception <a 'java/lang/ClassNotFoundException'{0x0000000709136bd8}: org/springframework/aop/framework/autoproxy/AbstractAutoProxyCreatorCustomizer> (0x0000000709136bd8) 
thrown [s\src\hotspot\share\classfile\systemDictionary.cpp, line 256]
Event: 4.795 Thread 0x0000017556e01500 Exception <a 'java/lang/ClassNotFoundException'{0x000000070914fb08}: org/springframework/aop/framework/autoproxy/AbstractAdvisorAutoProxyCreatorCustomizer> (0x000000070914fb08) 
thrown [s\src\hotspot\share\classfile\systemDictionary.cpp, line 256]
Event: 4.796 Thread 0x0000017556e01500 Exception <a 'java/lang/ClassNotFoundException'{0x000000070915af08}: org/springframework/aop/framework/autoproxy/InfrastructureAdvisorAutoProxyCreatorCustomizer> (0x000000070915af08) 
thrown [s\src\hotspot\share\classfile\systemDictionary.cpp, line 256]
Event: 4.797 Thread 0x0000017556e01500 Exception <a 'java/lang/ClassNotFoundException'{0x0000000709170768}: org/springframework/beans/factory/config/SmartInstantiationAwareBeanPostProcessorCustomizer> (0x0000000709170768) 
thrown [s\src\hotspot\share\classfile\systemDictionary.cpp, line 256]
Event: 4.798 Thread 0x0000017556e01500 Exception <a 'java/lang/ClassNotFoundException'{0x000000070917b770}: org/springframework/beans/factory/config/InstantiationAwareBeanPostProcessorCustomizer> (0x000000070917b770) 
thrown [s\src\hotspot\share\classfile\systemDictionary.cpp, line 256]
Event: 4.799 Thread 0x0000017556e01500 Exception <a 'java/lang/ClassNotFoundException'{0x0000000709185f10}: org/springframework/beans/factory/config/BeanPostProcessorCustomizer> (0x0000000709185f10) 
thrown [s\src\hotspot\share\classfile\systemDictionary.cpp, line 256]
Event: 4.799 Thread 0x0000017556e01500 Exception <a 'java/lang/ClassNotFoundException'{0x000000070918e080}: org/springframework/beans/factory/BeanFactoryAwareCustomizer> (0x000000070918e080) 
thrown [s\src\hotspot\share\classfile\systemDictionary.cpp, line 256]
Event: 4.800 Thread 0x0000017556e01500 Exception <a 'java/lang/ClassNotFoundException'{0x0000000709196070}: org/springframework/beans/factory/AwareCustomizer> (0x0000000709196070) 
thrown [s\src\hotspot\share\classfile\systemDictionary.cpp, line 256]
Event: 4.801 Thread 0x0000017556e01500 Exception <a 'java/lang/ClassNotFoundException'{0x000000070919c4a0}: org/springframework/core/OrderedCustomizer> (0x000000070919c4a0) 
thrown [s\src\hotspot\share\classfile\systemDictionary.cpp, line 256]
Event: 4.801 Thread 0x0000017556e01500 Exception <a 'java/lang/ClassNotFoundException'{0x00000007091a3a50}: org/springframework/beans/factory/BeanClassLoaderAwareCustomizer> (0x00000007091a3a50) 
thrown [s\src\hotspot\share\classfile\systemDictionary.cpp, line 256]
Event: 4.802 Thread 0x0000017556e01500 Exception <a 'java/lang/ClassNotFoundException'{0x00000007091aaf70}: org/springframework/beans/factory/AwareCustomizer> (0x00000007091aaf70) 
thrown [s\src\hotspot\share\classfile\systemDictionary.cpp, line 256]
Event: 4.802 Thread 0x0000017556e01500 Exception <a 'java/lang/ClassNotFoundException'{0x00000007091b1a00}: org/springframework/aop/framework/AopInfrastructureBeanCustomizer> (0x00000007091b1a00) 
thrown [s\src\hotspot\share\classfile\systemDictionary.cpp, line 256]
Event: 4.806 Thread 0x0000017556e01500 Exception <a 'java/lang/ClassNotFoundException'{0x00000007091d2170}: java/lang/ObjectCustomizer> (0x00000007091d2170) 
thrown [s\src\hotspot\share\classfile\systemDictionary.cpp, line 256]
Event: 4.807 Thread 0x0000017556e01500 Exception <a 'java/lang/ClassNotFoundException'{0x00000007091dcb48}: org/springframework/transaction/annotation/AbstractTransactionManagementConfigurationCustomizer> (0x00000007091dcb48) 
thrown [s\src\hotspot\share\classfile\systemDictionary.cpp, line 256]
Event: 4.807 Thread 0x0000017556e01500 Exception <a 'java/lang/ClassNotFoundException'{0x00000007091e69d8}: org/springframework/transaction/annotation/ProxyTransactionManagementConfigurationCustomizer> (0x00000007091e69d8) 
thrown [s\src\hotspot\share\classfile\systemDictionary.cpp, line 256]
Event: 4.808 Thread 0x0000017556e01500 Exception <a 'java/lang/ClassNotFoundException'{0x00000007091f4b40}: org/springframework/context/annotation/ImportAwareCustomizer> (0x00000007091f4b40) 
thrown [s\src\hotspot\share\classfile\systemDictionary.cpp, line 256]
Event: 4.809 Thread 0x0000017556e01500 Exception <a 'java/lang/ClassNotFoundException'{0x00000007091fc780}: org/springframework/beans/factory/AwareCustomizer> (0x00000007091fc780) 
thrown [s\src\hotspot\share\classfile\systemDictionary.cpp, line 256]

VM Operations (20 events):
Event: 3.077 Executing VM operation: Cleanup
Event: 3.077 Executing VM operation: Cleanup done
Event: 3.140 Executing VM operation: G1CollectForAllocation
Event: 3.143 Executing VM operation: G1CollectForAllocation done
Event: 3.164 Executing VM operation: HandshakeAllThreads
Event: 3.164 Executing VM operation: HandshakeAllThreads done
Event: 3.769 Executing VM operation: G1CollectForAllocation
Event: 3.777 Executing VM operation: G1CollectForAllocation done
Event: 3.777 Executing VM operation: Cleanup
Event: 3.778 Executing VM operation: Cleanup done
Event: 4.403 Executing VM operation: ICBufferFull
Event: 4.403 Executing VM operation: ICBufferFull done
Event: 4.517 Executing VM operation: HandshakeAllThreads
Event: 4.517 Executing VM operation: HandshakeAllThreads done
Event: 4.572 Executing VM operation: HandshakeAllThreads
Event: 4.572 Executing VM operation: HandshakeAllThreads done
Event: 4.635 Executing VM operation: HandshakeAllThreads
Event: 4.635 Executing VM operation: HandshakeAllThreads done
Event: 4.641 Executing VM operation: HandshakeAllThreads
Event: 4.641 Executing VM operation: HandshakeAllThreads done

Events (20 events):
Event: 4.860 loading class java/util/PropertyResourceBundle
Event: 4.860 loading class java/util/PropertyResourceBundle done
Event: 4.860 loading class sun/util/PropertyResourceBundleCharset
Event: 4.860 loading class sun/util/PropertyResourceBundleCharset done
Event: 4.860 loading class sun/util/PropertyResourceBundleCharset$PropertiesFileDecoder
Event: 4.861 loading class sun/util/PropertyResourceBundleCharset$PropertiesFileDecoder done
Event: 4.862 loading class java/util/ResourceBundle$BundleReference
Event: 4.862 loading class java/util/ResourceBundle$BundleReference done
Event: 4.862 loading class org/apache/catalina/core/LocalStrings_zh
Event: 4.862 loading class org/apache/catalina/core/LocalStrings_zh done
Event: 4.862 loading class org/apache/catalina/core/LocalStrings_zh_CN
Event: 4.862 loading class org/apache/catalina/core/LocalStrings_zh_CN done
Event: 4.863 loading class org/apache/catalina/core/LocalStrings_zh_Hans
Event: 4.863 loading class org/apache/catalina/core/LocalStrings_zh_Hans done
Event: 4.863 loading class org/apache/catalina/core/LocalStrings_zh_Hans_CN
Event: 4.863 loading class org/apache/catalina/core/LocalStrings_zh_Hans_CN done
Event: 4.864 loading class org/apache/catalina/core/AprStatus
Event: 4.864 loading class org/apache/catalina/core/AprStatus done
Event: 4.864 loading class org/apache/tomcat/jni/Library
Event: 4.864 loading class org/apache/tomcat/jni/Library done


Dynamic libraries:
0x00007ff789690000 - 0x00007ff78969e000 	C:\Program Files\Eclipse Adoptium\jdk-17.0.4.101-hotspot\bin\java.exe
0x00007ffbad870000 - 0x00007ffbada68000 	C:\WINDOWS\SYSTEM32\ntdll.dll
0x00007ffbac9a0000 - 0x00007ffbaca5f000 	C:\WINDOWS\System32\KERNEL32.DLL
0x00007ffbab5d0000 - 0x00007ffbab8c6000 	C:\WINDOWS\System32\KERNELBASE.dll
0x00007ffbab080000 - 0x00007ffbab180000 	C:\WINDOWS\System32\ucrtbase.dll
0x00007ffb384c0000 - 0x00007ffb384d8000 	C:\Program Files\Eclipse Adoptium\jdk-17.0.4.101-hotspot\bin\jli.dll
0x00007ffb384e0000 - 0x00007ffb384f9000 	C:\Program Files\Eclipse Adoptium\jdk-17.0.4.101-hotspot\bin\VCRUNTIME140.dll
0x00007ffbac160000 - 0x00007ffbac2fd000 	C:\WINDOWS\System32\USER32.dll
0x00007ffb94920000 - 0x00007ffb94bba000 	C:\WINDOWS\WinSxS\amd64_microsoft.windows.common-controls_6595b64144ccf1df_6.0.19041.1110_none_60b5254171f9507e\COMCTL32.dll
0x00007ffbab2e0000 - 0x00007ffbab302000 	C:\WINDOWS\System32\win32u.dll
0x00007ffbac020000 - 0x00007ffbac0be000 	C:\WINDOWS\System32\msvcrt.dll
0x00007ffbac4e0000 - 0x00007ffbac50c000 	C:\WINDOWS\System32\GDI32.dll
0x00007ffbab390000 - 0x00007ffbab4a5000 	C:\WINDOWS\System32\gdi32full.dll
0x00007ffbaafe0000 - 0x00007ffbab07d000 	C:\WINDOWS\System32\msvcp_win.dll
0x00007ffbad7a0000 - 0x00007ffbad7d0000 	C:\WINDOWS\System32\IMM32.DLL
0x00007ffb7cfa0000 - 0x00007ffb7cfac000 	C:\Program Files\Eclipse Adoptium\jdk-17.0.4.101-hotspot\bin\vcruntime140_1.dll
0x00007ffb38420000 - 0x00007ffb384b1000 	C:\Program Files\Eclipse Adoptium\jdk-17.0.4.101-hotspot\bin\msvcp140.dll
0x00007ffb377d0000 - 0x00007ffb38416000 	C:\Program Files\Eclipse Adoptium\jdk-17.0.4.101-hotspot\bin\server\jvm.dll
0x00007ffbad5d0000 - 0x00007ffbad67f000 	C:\WINDOWS\System32\ADVAPI32.dll
0x00007ffbac0c0000 - 0x00007ffbac15c000 	C:\WINDOWS\System32\sechost.dll
0x00007ffbac3b0000 - 0x00007ffbac4d6000 	C:\WINDOWS\System32\RPCRT4.dll
0x00007ffbad050000 - 0x00007ffbad058000 	C:\WINDOWS\System32\PSAPI.DLL
0x00007ffb8f1b0000 - 0x00007ffb8f1b9000 	C:\WINDOWS\SYSTEM32\WSOCK32.dll
0x00007ffb9ebe0000 - 0x00007ffb9ec07000 	C:\WINDOWS\SYSTEM32\WINMM.dll
0x00007ffba5570000 - 0x00007ffba557a000 	C:\WINDOWS\SYSTEM32\VERSION.dll
0x00007ffbacb50000 - 0x00007ffbacbbb000 	C:\WINDOWS\System32\WS2_32.dll
0x00007ffba8e20000 - 0x00007ffba8e32000 	C:\WINDOWS\SYSTEM32\kernel.appcore.dll
0x00007ffb78890000 - 0x00007ffb7889a000 	C:\Program Files\Eclipse Adoptium\jdk-17.0.4.101-hotspot\bin\jimage.dll
0x00007ffba1fd0000 - 0x00007ffba21b4000 	C:\WINDOWS\SYSTEM32\DBGHELP.DLL
0x00007ffb90bd0000 - 0x00007ffb90c04000 	C:\WINDOWS\SYSTEM32\dbgcore.DLL
0x00007ffbaaf50000 - 0x00007ffbaafd2000 	C:\WINDOWS\System32\bcryptPrimitives.dll
0x00007ffba8700000 - 0x00007ffba873b000 	C:\Program Files\Eclipse Adoptium\jdk-17.0.4.101-hotspot\bin\jdwp.dll
0x00007ffba6aa0000 - 0x00007ffba6aae000 	C:\Program Files\Eclipse Adoptium\jdk-17.0.4.101-hotspot\bin\instrument.dll
0x00007ffb377a0000 - 0x00007ffb377c5000 	C:\Program Files\Eclipse Adoptium\jdk-17.0.4.101-hotspot\bin\java.dll
0x00007ffb37660000 - 0x00007ffb37678000 	C:\Program Files\Eclipse Adoptium\jdk-17.0.4.101-hotspot\bin\zip.dll
0x00007ffb376c0000 - 0x00007ffb37796000 	C:\Program Files\Eclipse Adoptium\jdk-17.0.4.101-hotspot\bin\jsvml.dll
0x00007ffbab8d0000 - 0x00007ffbac014000 	C:\WINDOWS\System32\SHELL32.dll
0x00007ffba9020000 - 0x00007ffba97b3000 	C:\WINDOWS\SYSTEM32\windows.storage.dll
0x00007ffbac640000 - 0x00007ffbac994000 	C:\WINDOWS\System32\combase.dll
0x00007ffbaa9a0000 - 0x00007ffbaa9ce000 	C:\WINDOWS\SYSTEM32\Wldp.dll
0x00007ffbad1c0000 - 0x00007ffbad26d000 	C:\WINDOWS\System32\SHCORE.dll
0x00007ffbad2f0000 - 0x00007ffbad345000 	C:\WINDOWS\System32\shlwapi.dll
0x00007ffbaae90000 - 0x00007ffbaaeaf000 	C:\WINDOWS\SYSTEM32\profapi.dll
0x00007ffb9cf30000 - 0x00007ffb9cf3c000 	C:\Program Files\Eclipse Adoptium\jdk-17.0.4.101-hotspot\bin\dt_socket.dll
0x00007ffbaa3a0000 - 0x00007ffbaa3dc000 	C:\WINDOWS\SYSTEM32\IPHLPAPI.DLL
0x00007ffbaa700000 - 0x00007ffbaa76a000 	C:\WINDOWS\system32\mswsock.dll
0x00007ffb376a0000 - 0x00007ffb376b9000 	C:\Program Files\Eclipse Adoptium\jdk-17.0.4.101-hotspot\bin\net.dll
0x00007ffba2270000 - 0x00007ffba237a000 	C:\WINDOWS\SYSTEM32\WINHTTP.dll
0x00007ffb37680000 - 0x00007ffb37695000 	C:\Program Files\Eclipse Adoptium\jdk-17.0.4.101-hotspot\bin\nio.dll
0x00007ffbaa3f0000 - 0x00007ffbaa4ba000 	C:\WINDOWS\SYSTEM32\DNSAPI.dll
0x00007ffbad030000 - 0x00007ffbad038000 	C:\WINDOWS\System32\NSI.dll
0x00007ffba40e0000 - 0x00007ffba40ea000 	C:\Windows\System32\rasadhlp.dll
0x00007ffba0720000 - 0x00007ffba07a2000 	C:\WINDOWS\System32\fwpuclnt.dll
0x00007ffbab360000 - 0x00007ffbab387000 	C:\WINDOWS\System32\bcrypt.dll
0x00007ffb9eaa0000 - 0x00007ffb9eaa9000 	C:\Program Files\Eclipse Adoptium\jdk-17.0.4.101-hotspot\bin\management.dll
0x00007ffb9cf20000 - 0x00007ffb9cf2b000 	C:\Program Files\Eclipse Adoptium\jdk-17.0.4.101-hotspot\bin\management_ext.dll
0x00007ffbaa8f0000 - 0x00007ffbaa908000 	C:\WINDOWS\SYSTEM32\CRYPTSP.dll
0x00007ffba9f30000 - 0x00007ffba9f64000 	C:\WINDOWS\system32\rsaenh.dll
0x00007ffbaae50000 - 0x00007ffbaae7e000 	C:\WINDOWS\SYSTEM32\USERENV.dll
0x00007ffbaa910000 - 0x00007ffbaa91c000 	C:\WINDOWS\SYSTEM32\CRYPTBASE.dll
0x00007ffba2e30000 - 0x00007ffba2e47000 	C:\WINDOWS\SYSTEM32\dhcpcsvc6.DLL
0x00007ffba2e10000 - 0x00007ffba2e2d000 	C:\WINDOWS\SYSTEM32\dhcpcsvc.DLL
0x00007ffb85180000 - 0x00007ffb85197000 	C:\WINDOWS\system32\napinsp.dll
0x00007ffb85160000 - 0x00007ffb8517b000 	C:\WINDOWS\system32\pnrpnsp.dll
0x00007ffba5c00000 - 0x00007ffba5c15000 	C:\WINDOWS\system32\wshbth.dll
0x00007ffba6810000 - 0x00007ffba682d000 	C:\WINDOWS\system32\NLAapi.dll
0x00007ffb85140000 - 0x00007ffb85152000 	C:\WINDOWS\System32\winrnr.dll
0x00007ffb71240000 - 0x00007ffb71250000 	C:\Program Files\Eclipse Adoptium\jdk-17.0.4.101-hotspot\bin\verify.dll

dbghelp: loaded successfully - version: 4.0.5 - missing functions: none
symbol engine: initialized successfully - sym options: 0x614 - pdb path: .;C:\Program Files\Eclipse Adoptium\jdk-17.0.4.101-hotspot\bin;C:\WINDOWS\SYSTEM32;C:\WINDOWS\WinSxS\amd64_microsoft.windows.common-controls_6595b64144ccf1df_6.0.19041.1110_none_60b5254171f9507e;C:\Program Files\Eclipse Adoptium\jdk-17.0.4.101-hotspot\bin\server

VM Arguments:
jvm_args: -agentlib:jdwp=transport=dt_socket,address=127.0.0.1:50150,suspend=y,server=n -XX:TieredStopAtLevel=1 -Dspring.output.ansi.enabled=always -Dcom.sun.management.jmxremote -Dspring.jmx.enabled=true -Dspring.liveBeansView.mbeanDomain -Dspring.application.admin.enabled=true -javaagent:C:\Users\tianlei\AppData\Local\JetBrains\IntelliJIdea2022.2\captureAgent\debugger-agent.jar -Dfile.encoding=UTF-8 
java_command: com.xuecheng.ContentApplication
java_class_path (initial): F:\zcy\java\Project\Xuecheng\xuecheng-plus\xuecheng-plus-content\xuecheng-plus-content-api\target\classes;F:\zcy\java\Project\Xuecheng\xuecheng-plus\xuecheng-plus-content\xuecheng-plus-content-service\target\classes;F:\zcy\java\Project\Xuecheng\xuecheng-plus\xuecheng-plus-content\xuecheng-plus-content-model\target\classes;C:\Users\tianlei\.m2\repository\com\baomidou\mybatis-plus-annotation\3.4.1\mybatis-plus-annotation-3.4.1.jar;C:\Users\tianlei\.m2\repository\com\baomidou\mybatis-plus-core\3.4.1\mybatis-plus-core-3.4.1.jar;C:\Users\tianlei\.m2\repository\com\github\jsqlparser\jsqlparser\3.2\jsqlparser-3.2.jar;C:\Users\tianlei\.m2\repository\org\mybatis\mybatis\3.5.6\mybatis-3.5.6.jar;C:\Users\tianlei\.m2\repository\mysql\mysql-connector-java\8.0.30\mysql-connector-java-8.0.30.jar;C:\Users\tianlei\.m2\repository\com\google\protobuf\protobuf-java\3.13.0\protobuf-java-3.13.0.jar;C:\Users\tianlei\.m2\repository\com\baomidou\mybatis-plus-boot-starter\3.4.1\mybatis-plus-boot-starter-3.4.1.jar;C:\Users\tianlei\.m2\repository\com\baomidou\mybatis-plus\3.4.1\mybatis-plus-3.4.1.jar;C:\Users\tianlei\.m2\repository\com\baomidou\mybatis-plus-extension\3.4.1\mybatis-plus-extension-3.4.1.jar;C:\Users\tianlei\.m2\repository\org\mybatis\mybatis-spring\2.0.5\mybatis-spring-2.0.5.jar;C:\Users\tianlei\.m2\repository\org\springframework\boot\spring-boot-starter-jdbc\2.3.7.RELEASE\spring-boot-starter-jdbc-2.3.7.RELEASE.jar;C:\Users\tianlei\.m2\repository\com\zaxxer\HikariCP\3.4.5\HikariCP-3.4.5.jar;C:\Users\tianlei\.m2\repository\org\springframework\spring-jdbc\5.2.12.RELEASE\spring-jdbc-5.2.12.RELEASE.jar;C:\Users\tianlei\.m2\repository\org\springframework\spring-tx\5.2.12.RELEASE\spring-tx-5.2.12.RELEASE.jar;C:\Users\tianlei\.m2\repository\org\springframework\cloud\spring-cloud-context\2.2.6.RELEASE\spring-cloud-context-2.2.6.RELEASE.jar;C:\Users\tianlei\.m2\repository\org\springframework\security\spring-security-crypto\5.3.6.RELEASE\spring-security-crypto
Launcher Type: SUN_STANDARD

[Global flags]
     intx CICompilerCount                          = 4                                         {product} {ergonomic}
     uint ConcGCThreads                            = 3                                         {product} {ergonomic}
     uint G1ConcRefinementThreads                  = 10                                        {product} {ergonomic}
   size_t G1HeapRegionSize                         = 2097152                                   {product} {ergonomic}
    uintx GCDrainStackTargetSize                   = 64                                        {product} {ergonomic}
   size_t InitialHeapSize                          = 266338304                                 {product} {ergonomic}
     bool ManagementServer                         = true                                      {product} {command line}
   size_t MarkStackSize                            = 4194304                                   {product} {ergonomic}
   size_t MaxHeapSize                              = 4244635648                                {product} {ergonomic}
   size_t MaxNewSize                               = 2545942528                                {product} {ergonomic}
   size_t MinHeapDeltaBytes                        = 2097152                                   {product} {ergonomic}
   size_t MinHeapSize                              = 8388608                                   {product} {ergonomic}
    uintx NonProfiledCodeHeapSize                  = 0                                      {pd product} {ergonomic}
     bool ProfileInterpreter                       = false                                  {pd product} {command line}
    uintx ProfiledCodeHeapSize                     = 0                                      {pd product} {ergonomic}
   size_t SoftMaxHeapSize                          = 4244635648                             {manageable} {ergonomic}
     intx TieredStopAtLevel                        = 1                                         {product} {command line}
     bool UseCompressedClassPointers               = true                           {product lp64_product} {ergonomic}
     bool UseCompressedOops                        = true                           {product lp64_product} {ergonomic}
     bool UseG1GC                                  = true                                      {product} {ergonomic}
     bool UseLargePagesIndividualAllocation        = false                                  {pd product} {ergonomic}

Logging:
Log output configuration:
 #0: stdout all=warning uptime,level,tags
 #1: stderr all=off uptime,level,tags

Environment Variables:
PATH=G:\VMware\bin\;C:\Program Files\Eclipse Adoptium\jdk-17.0.4.101-hotspot\bin;C:\Windows\system32;C:\Windows;C:\Windows\System32\Wbem;C:\Windows\System32\WindowsPowerShell\v1.0\;C:\Windows\System32\OpenSSH\;D:\CTEX\CTeX\ctex\bin;D:\CTEX\CTeX\cct\bin;D:\CTEX\CTeX\ty\bin;D:\CTEX\Ghostscript\gs9.05\bin;D:\CTEX\GSview\gsview;D:\CTEX\WinEdt;C:\Program Files (x86)\NVIDIA Corporation\PhysX\Common;C:\Program Files\NVIDIA Corporation\NVIDIA NvDLISR;D:\MATLAB\R2019b\runtime\win64;D:\MATLAB\R2019b\bin;D:\MATLAB\R2019b\polyspace\bin;D:\PuTTY\;C:\Program Files\Docker\Docker\resources\bin;C:\ProgramData\DockerDesktop\version-bin;C:\WINDOWS\system32;C:\WINDOWS;C:\WINDOWS\System32\Wbem;C:\WINDOWS\System32\WindowsPowerShell\v1.0\;C:\WINDOWS\System32\OpenSSH\;D:\texlive\texlive\2021\bin\win32;C:\Program Files\MySQL\MySQL Server 8.0\bin;D:\prince-15.1-win64\bin;F:\zcy\java\software\Git\cmd;F:\zcy\java\software\nodejs\;C:\Users\tianlei\AppData\Local\Microsoft\WindowsApps;D:\CTEX\MiKTeX\miktex\bin\x64\;D:\vscode\Microsoft VS Code\bin;D:\texlive\texlive\2021\bin\win32;D:\IDEA\IntelliJ IDEA 2022.2.1\bin;;F:\zcy\QQGameTempest\Hall.57967\;C:\Users\tianlei\AppData\Roaming\npm
USERNAME=zhoucy
OS=Windows_NT
PROCESSOR_IDENTIFIER=Intel64 Family 6 Model 158 Stepping 10, GenuineIntel
TMP=C:\Users\tianlei\AppData\Local\Temp
TEMP=C:\Users\tianlei\AppData\Local\Temp



---------------  S Y S T E M  ---------------

OS:
 Windows 10 , 64 bit Build 19041 (10.0.19041.3031)
OS uptime: 6 days 9:01 hours

CPU: total 12 (initial active 12) (6 cores per cpu, 2 threads per core) family 6 model 158 stepping 10 microcode 0xf0, cx8, cmov, fxsr, ht, mmx, 3dnowpref, sse, sse2, sse3, ssse3, sse4.1, sse4.2, popcnt, lzcnt, tsc, tscinvbit, avx, avx2, aes, erms, clmul, bmi1, bmi2, rtm, adx, fma, vzeroupper, clflush, clflushopt

Memory: 4k page, system-wide physical 16187M (489M free)
TotalPageFile size 47640M (AvailPageFile size 11M)
current process WorkingSet (physical memory assigned to process): 185M, peak: 185M
current process commit charge ("private bytes"): 300M, peak: 384M

vm_info: OpenJDK 64-Bit Server VM (17.0.4.1+1) for windows-amd64 JRE (17.0.4.1+1), built on Aug 17 2022 07:42:43 by "temurin" with MS VC++ 16.7 (VS2019)

END.
